Regression parameters
======================
check_card1_colour: False
check_card2_colour: True
check_card1_in_pool: False
pick_number: True
======================
Card Rush the Room
Rank 0 out of 62
availability score: 1525.4981037329303
-----------------------------
Gimli's Fury: -140.51969042065338
Relentless Rohirrim: -115.4975554166898
Snarling Warg: -93.56672065411377
Swarming of Moria: -92.06952902539332
Olog-hai Crusher: -89.29149941902278
Quarrel's End: -87.24490758664737
Warbeast of Gorgoroth: -57.025879704694624
Oliphaunt: -54.01644144544059
Book of Mazarbul: -32.595273464756616
Fiery Inscription: -8.432732446979731
Gimli, Counter of Kills: -6.378629317323799
Cast into the Fire: -4.514965442584849
=============================
Card Fire of Orthanc
Rank 1 out of 62
availability score: 1273.9277335350978
-----------------------------
Oliphaunt: -121.10957874385994
Battle-Scarred Goblin: -117.79852284590913
Olog-hai Crusher: -85.11185353991642
Relentless Rohirrim: -84.74670337907801
Fiery Inscription: -65.41308319557385
Smite the Deathless: -62.404128696259576
Foray of Orcs: -61.56251592721817
Haradrim Spearmaster: -48.60737260119328
Gollum's Bite: -35.184361722593735
Gimli's Fury: -31.43535914811985
Cast into the Fire: -27.23548993294045
Swarming of Moria: -24.146350196279133
Erkenbrand, Lord of Westfold: -19.246445535936694
Erebor Flamesmith: -17.595627155043946
Sam's Desperate Rescue: -15.760193280982172
Ranger's Firebrand: -10.833150003101725
=============================
Card The Torment of Gollum
Rank 2 out of 62
availability score: 1267.5961062597225
-----------------------------
Mordor Muster: -164.78175792471973
Dunland Crebain: -163.1150296877362
Uruk-hai Berserker: -117.37656910159485
Lash of the Balrog: -98.78086449919184
Easterling Vanguard: -77.72501505462074
Orcish Medicine: -68.42112778739657
Claim the Precious: -64.4725055527389
Mirkwood Bats: -42.58349754937123
Gollum, Patient Plotter: -24.25490591400036
Snarling Warg: -23.01576958506537
Shelob's Ambush: -18.660487947612246
Gothmog, Morgul Lieutenant: -13.509844443602944
Nazgûl: -12.91688848374785
Haunt of the Dead Marshes: -9.38091284132216
Troll of Khazad-dûm: -8.012724712617782
Cirith Ungol Patrol: -5.286459494490904
Mordor Trebuchet: -0.7487531061600592
=============================
Card Dunland Crebain
Rank 3 out of 62
availability score: 1008.957953315958
-----------------------------
Claim the Precious: -175.4375404964445
The Torment of Gollum: -139.37782895542446
Uruk-hai Berserker: -91.77243951577948
Easterling Vanguard: -83.75654764255623
Shelob's Ambush: -73.69839936577856
Haunt of the Dead Marshes: -70.04227404454878
The Black Breath: -38.408577375503235
Nazgûl: -31.063334394111106
Mordor Muster: -12.528248258890061
Bitter Downfall: -0.37061603836314205
Mirkwood Bats: -0.3034494055206145
=============================
Card Gimli's Axe
Rank 4 out of 62
availability score: 911.0249052248837
-----------------------------
Rally at the Hornburg: -169.90377242060512
Warbeast of Gorgoroth: -129.038517100643
Foray of Orcs: -78.61362360618426
Erebor Flamesmith: -75.1676815533423
Swarming of Moria: -73.50541750587345
Éomer of the Riddermark: -69.9102851868477
Book of Mazarbul: -46.24888068864673
Grishnákh, Brash Instigator: -28.430069658177626
Oliphaunt: -25.837415221422894
=============================
Card Mordor Muster
Rank 5 out of 62
availability score: 855.1470468614772
-----------------------------
The Torment of Gollum: -178.60911646973423
Claim the Precious: -128.36669513625563
Dunland Crebain: -99.09477843049478
Easterling Vanguard: -91.28823031704705
Uruk-hai Berserker: -61.35238618746973
Haunt of the Dead Marshes: -45.630305020964265
Morgul-Knife Wound: -14.615555929659404
Snarling Warg: -10.539884963736025
The Black Breath: -2.531356665129832
=============================
Card Claim the Precious
Rank 6 out of 62
availability score: 832.3865377208072
-----------------------------
Dunland Crebain: -196.55899672277474
The Torment of Gollum: -175.67525311732206
Shelob's Ambush: -56.81151175807157
Sam's Desperate Rescue: -46.8479647460726
Lash of the Balrog: -41.074136346696264
Uruk-hai Berserker: -38.700763712601294
Mordor Muster: -20.35560889931621
=============================
Card Gimli's Fury
Rank 7 out of 62
availability score: 770.1843589565918
-----------------------------
Smite the Deathless: -106.34444767562667
Battle-Scarred Goblin: -91.06075720194978
Rohirrim Lancer: -80.52209707703892
Fire of Orthanc: -65.6960780603428
Rush the Room: -53.979524568083676
Bitter Downfall: -32.52330792609429
Book of Mazarbul: -32.058542620425584
Fear, Fire, Foes!: -30.804256158456123
Warbeast of Gorgoroth: -18.214131859689534
=============================
Card Easterling Vanguard
Rank 8 out of 62
availability score: 766.6893094782304
-----------------------------
Dunland Crebain: -173.1689078342645
The Torment of Gollum: -168.18442472375872
Shelob's Ambush: -94.40255390641137
Snarling Warg: -39.048602150951616
Mordor Muster: -25.956421720829916
Voracious Fell Beast: -20.396570434943563
Gothmog, Morgul Lieutenant: -3.287166448596409
=============================
Card Oliphaunt
Rank 9 out of 62
availability score: 701.4491297671635
-----------------------------
Rally at the Hornburg: -110.18931804765613
Smite the Deathless: -92.4600848453145
Rush the Room: -79.28298094137332
Fire of Orthanc: -45.354050150938136
Rohirrim Lancer: -38.69445790818787
Olog-hai Crusher: -35.89811408234654
Rising of the Day: -9.977343942928288
Gimli's Axe: -3.2715192221541747
=============================
Card Shelob's Ambush
Rank 10 out of 62
availability score: 689.4075255187821
-----------------------------
The Torment of Gollum: -154.3983585157193
Lash of the Balrog: -90.73397645063407
Easterling Vanguard: -75.02374929827138
Dunland Crebain: -58.07390601638085
Haunt of the Dead Marshes: -38.07865134236989
Mordor Trebuchet: -30.1890331819224
Claim the Precious: -17.991320362138538
Voracious Fell Beast: -6.519004381721123
=============================
Card Olog-hai Crusher
Rank 11 out of 62
availability score: 677.4696775079797
-----------------------------
Haradrim Spearmaster: -113.40134159342834
Improvised Club: -93.09784333782393
Oliphaunt: -70.42970957015685
Fire of Orthanc: -35.86783802126566
Fear, Fire, Foes!: -34.16134949346174
Rohirrim Lancer: -17.29250415904065
Relentless Rohirrim: -11.779397868093088
Rush the Room: -7.638961405320461
Rising of the Day: -0.37069850831250406
Swarming of Moria: -0.36232573376332056
=============================
Card Uruk-hai Berserker
Rank 12 out of 62
availability score: 625.0198438462784
-----------------------------
The Torment of Gollum: -221.59843404346805
Dunland Crebain: -94.46527929712641
Claim the Precious: -59.83917977313173
Snarling Warg: -44.6347288424717
Nazgûl: -25.386861818782087
Gollum, Patient Plotter: -21.072411440185533
Gothmog, Morgul Lieutenant: -17.7969911401509
Mirkwood Bats: -12.367573705034692
Mordor Muster: -0.4752927689686466
=============================
Card Troll of Khazad-dûm
Rank 13 out of 62
availability score: 618.691428279421
-----------------------------
The Torment of Gollum: -243.69984812382188
Sam's Desperate Rescue: -127.22458608739328
=============================
Card Snarling Warg
Rank 14 out of 62
availability score: 616.43623956787
-----------------------------
Uruk-hai Berserker: -130.7780396322852
Easterling Vanguard: -78.5102132320245
The Torment of Gollum: -77.95091136227717
Rush the Room: -49.73892773693981
Nazgûl: -36.76566322197521
Mordor Muster: -27.454703022901104
Bitter Downfall: -19.08798132178622
Fiery Inscription: -16.80496119292396
=============================
Card Rohirrim Lancer
Rank 15 out of 62
availability score: 612.4516683736505
-----------------------------
Gimli's Fury: -79.39481262747883
Erebor Flamesmith: -66.9281701060645
Relentless Rohirrim: -50.16496561041576
Improvised Club: -48.41959687301886
Olog-hai Crusher: -29.492593667981804
Battle-Scarred Goblin: -11.183349754294241
Breaking of the Fellowship: -9.992367473708002
Rising of the Day: -6.115713711709986
Quarrel's End: -5.008480776727312
Oliphaunt: -3.605072881947093
=============================
Card Swarming of Moria
Rank 16 out of 62
availability score: 546.07791497247
-----------------------------
Rush the Room: -134.5174475987251
Fiery Inscription: -46.11348641077066
Fire of Orthanc: -37.77713361267013
Gimli's Axe: -27.059894020729907
Olog-hai Crusher: -14.228972879179036
Breaking of the Fellowship: -13.888607196916752
=============================
Card Erebor Flamesmith
Rank 17 out of 62
availability score: 493.6855341681646
-----------------------------
Rally at the Hornburg: -132.24679594877674
Grishnákh, Brash Instigator: -45.238379005390435
Gimli's Axe: -39.30358816857215
Battle-Scarred Goblin: -30.424102499376488
Fire of Orthanc: -30.22896993872042
Rohirrim Lancer: -28.84827594255775
Cast into the Fire: -4.569803935164144
Quarrel's End: -2.9573525072333493
Foray of Orcs: -2.0848374344128207
=============================
Card Rising of the Day
Rank 18 out of 62
availability score: 460.2100803924699
-----------------------------
Rohirrim Lancer: -57.9050168359409
Warbeast of Gorgoroth: -51.542444043737
Quarrel's End: -44.62827670998156
Cast into the Fire: -29.326200811101987
Gothmog, Morgul Lieutenant: -25.901070096142718
Olog-hai Crusher: -23.372828268901678
Breaking of the Fellowship: -15.787100555514781
Goblin Fireleaper: -7.598394525707349
Foray of Orcs: -4.386027389723253
Grond, the Gatebreaker: -2.4839928475560678
Éomer of the Riddermark: -2.200913712948724
Oliphaunt: -0.11242567717546414
=============================
Card Lash of the Balrog
Rank 19 out of 62
availability score: 451.4079496898512
-----------------------------
The Torment of Gollum: -235.68935537302622
Gollum's Bite: -49.420653776757476
Claim the Precious: -25.113871834406414
Shelob's Ambush: -22.276972698306412
Oath of the Grey Host: -13.829536753784266
=============================
Card Haunt of the Dead Marshes
Rank 20 out of 62
availability score: 438.27845479542367
-----------------------------
Dunland Crebain: -111.3481965310238
The Torment of Gollum: -90.72941978176407
Shelob's Ambush: -67.97845641991792
Mordor Muster: -25.053871561882897
Nazgûl: -15.746134697247534
=============================
Card Foray of Orcs
Rank 21 out of 62
availability score: 414.9327698088307
-----------------------------
Fire of Orthanc: -54.455622143344044
Relentless Rohirrim: -42.173757765080204
Gimli's Axe: -34.55419599427607
Smite the Deathless: -32.484121290785595
Warbeast of Gorgoroth: -30.17702541331728
Fear, Fire, Foes!: -22.086225408088207
Erebor Flamesmith: -11.600099328591861
Rising of the Day: -10.404309292383495
=============================
Card Nazgûl
Rank 22 out of 62
availability score: 374.71282105815845
-----------------------------
Cirith Ungol Patrol: -68.37641668561311
Dunland Crebain: -57.93782560963067
Uruk-hai Berserker: -44.74928479469536
Mordor Trebuchet: -26.963863485980728
The Torment of Gollum: -13.827914140768781
Gorbag of Minas Morgul: -8.871960441283093
Snarling Warg: -8.385262927025149
Haunt of the Dead Marshes: -5.331448444653375
=============================
Card Quarrel's End
Rank 23 out of 62
availability score: 373.98154872527476
-----------------------------
Relentless Rohirrim: -82.76540020374313
Rohirrim Lancer: -63.857971180370875
Grishnákh, Brash Instigator: -31.782022183267596
Erebor Flamesmith: -23.429165779543986
Haradrim Spearmaster: -13.427142091694664
Rush the Room: -8.256300580607624
Rising of the Day: -7.246845396497382
=============================
Card Mirkwood Bats
Rank 24 out of 62
availability score: 358.3803548112202
-----------------------------
The Torment of Gollum: -133.04946868897096
Dunland Crebain: -99.11549550990885
Uruk-hai Berserker: -32.34005955395749
=============================
Card Cirith Ungol Patrol
Rank 25 out of 62
availability score: 334.03988987619203
-----------------------------
The Torment of Gollum: -209.4160667973378
Nazgûl: -30.55241870633642
Voracious Fell Beast: -10.70309146054032
Gollum's Bite: -1.710908406151363
=============================
Card Improvised Club
Rank 26 out of 62
availability score: 323.28421927549874
-----------------------------
Rally at the Hornburg: -107.6003197831771
Haradrim Spearmaster: -62.241377409890674
Rohirrim Lancer: -25.298197100804455
Olog-hai Crusher: -0.6327815134638313
=============================
Card Mordor Trebuchet
Rank 27 out of 62
availability score: 321.07300611904907
-----------------------------
The Torment of Gollum: -91.58279041453913
Shelob's Ambush: -86.74407266705751
Nazgûl: -6.527685764742431
=============================
Card Haradrim Spearmaster
Rank 28 out of 62
availability score: 311.3678706999225
-----------------------------
Battle-Scarred Goblin: -71.47886165424543
Olog-hai Crusher: -44.05118805276809
Improvised Club: -37.384610628705396
Quarrel's End: -4.083742393579398
Fire of Orthanc: -1.1648267893592115
=============================
Card Gothmog, Morgul Lieutenant
Rank 29 out of 62
availability score: 276.2607257634652
-----------------------------
The Torment of Gollum: -76.34724521495139
Uruk-hai Berserker: -49.45828042270786
Easterling Vanguard: -24.09698101451936
Morgul-Knife Wound: -19.11965639419785
Gollum's Bite: -7.609070492114835
Rising of the Day: -6.135184030422783
=============================
Card Fiery Inscription
Rank 30 out of 62
availability score: 270.41879960550233
-----------------------------
Fire of Orthanc: -72.08527391295875
Swarming of Moria: -36.13892758171817
Éomer of the Riddermark: -20.119066557111715
Snarling Warg: -7.122743279368088
Rush the Room: -5.074623726859791
Ranger's Firebrand: -2.2964033968372393
Oath of the Grey Host: -0.14800133352150757
=============================
Card Bitter Downfall
Rank 31 out of 62
availability score: 249.85141769277467
-----------------------------
Dunland Crebain: -70.89920622504968
Snarling Warg: -31.41455195488442
Morgul-Knife Wound: -23.34889612557925
Orcish Medicine: -15.284745547779531
Gimli's Fury: -9.731327920423842
Voracious Fell Beast: -7.4051249561979215
Grond, the Gatebreaker: -3.0446498817307397
=============================
Card Breaking of the Fellowship
Rank 32 out of 62
availability score: 249.20290961938645
-----------------------------
Rohirrim Lancer: -127.02614950715773
Swarming of Moria: -11.204542407993415
Rising of the Day: -3.3716943007222975
=============================
Card Battle-Scarred Goblin
Rank 33 out of 62
availability score: 247.1505543888676
-----------------------------
Erebor Flamesmith: -59.920643757667634
Rohirrim Lancer: -35.35668559634717
Haradrim Spearmaster: -19.72639688468474
Gimli's Fury: -7.011091617095944
Relentless Rohirrim: -5.573415814592353
Fire of Orthanc: -2.083900793149775
=============================
Card Fear, Fire, Foes!
Rank 34 out of 62
availability score: 234.34138616065917
-----------------------------
Warbeast of Gorgoroth: -54.15060677784902
Foray of Orcs: -37.20731303815283
Olog-hai Crusher: -34.862003015162
Gimli's Fury: -13.213379558769397
Ranger's Firebrand: -10.392198712973338
=============================
Card Cast into the Fire
Rank 35 out of 62
availability score: 206.5139087326072
-----------------------------
Rush the Room: -69.27372131585655
Fire of Orthanc: -11.832771217274116
Erebor Flamesmith: -7.2795649005519145
Rising of the Day: -3.825183938586452
=============================
Card Book of Mazarbul
Rank 36 out of 62
availability score: 203.31514648210475
-----------------------------
Gimli's Fury: -40.0518895945366
Rush the Room: -27.609424565690052
Gimli's Axe: -17.86093986929658
Rally at the Hornburg: -3.8995740359849798
=============================
Card Rally at the Hornburg
Rank 37 out of 62
availability score: 190.4127898598266
-----------------------------
Improvised Club: -64.94458569549757
Ranger's Firebrand: -45.62100483113658
Oliphaunt: -25.402288824364625
Book of Mazarbul: -19.852399841472852
Erebor Flamesmith: -3.0524812717698495
Gimli's Axe: -1.9101996683109128
=============================
Card Gollum's Bite
Rank 38 out of 62
availability score: 175.45636447589013
-----------------------------
Cirith Ungol Patrol: -33.37822298569568
Sam's Desperate Rescue: -19.5276208525006
The Black Breath: -15.565999901672184
Orcish Medicine: -10.317866717631055
Gothmog, Morgul Lieutenant: -9.716645090258888
Lash of the Balrog: -2.975123500177416
Fire of Orthanc: -2.7941845244455887
=============================
Card Relentless Rohirrim
Rank 39 out of 62
availability score: 171.13325351397205
-----------------------------
Foray of Orcs: -52.43447195106883
Rohirrim Lancer: -33.22063635198172
Olog-hai Crusher: -15.838760951580309
Fire of Orthanc: -11.244457122779606
Quarrel's End: -6.7652977407569885
Rush the Room: -6.29873018584254
Battle-Scarred Goblin: -2.6900315245997137
=============================
Card Grishnákh, Brash Instigator
Rank 40 out of 62
availability score: 168.23539308597682
-----------------------------
Erebor Flamesmith: -45.61539163084867
Quarrel's End: -34.8587440523912
Gimli's Axe: -5.920483454382605
=============================
Card Goblin Fireleaper
Rank 41 out of 62
availability score: 164.94154649226812
-----------------------------
Warbeast of Gorgoroth: -75.99076582972917
Rising of the Day: -11.747900458428175
=============================
Card Voracious Fell Beast
Rank 42 out of 62
availability score: 164.48843838001065
-----------------------------
Shelob's Ambush: -46.776047727595916
Cirith Ungol Patrol: -20.317130101332335
Easterling Vanguard: -12.819601318312014
Gríma Wormtongue: -9.283971673437524
Bitter Downfall: -8.38766632371137
=============================
Card Warbeast of Gorgoroth
Rank 43 out of 62
availability score: 133.49974097756368
-----------------------------
Rising of the Day: -27.7599652705245
Rush the Room: -26.662828565756946
Goblin Fireleaper: -12.123455559491743
Foray of Orcs: -10.851807938010396
Gimli's Fury: -9.019465736813189
Erkenbrand, Lord of Westfold: -7.463773068127743
Gimli's Axe: -5.879953453068183
Fear, Fire, Foes!: -1.395093554283136
=============================
Card Smite the Deathless
Rank 44 out of 62
availability score: 119.28646491029994
-----------------------------
Gimli's Fury: -20.249480564288973
Oliphaunt: -19.07682951875688
Fire of Orthanc: -14.93317406761764
Foray of Orcs: -4.850633805028221
Ranger's Firebrand: -3.3929350948644004
=============================
Card The Black Breath
Rank 45 out of 62
availability score: 92.72195440294021
-----------------------------
Mordor Muster: -46.71494578581563
Dunland Crebain: -19.932726216150996
Gollum's Bite: -7.185111143885502
Éomer of the Riddermark: -0.3266530315160088
=============================
Card Ranger's Firebrand
Rank 46 out of 62
availability score: 83.88140784204995
-----------------------------
Smite the Deathless: -34.77397210193137
Rally at the Hornburg: -33.19368399391209
Fear, Fire, Foes!: -2.7546634675330104
Fiery Inscription: -2.610672420137545
Erkenbrand, Lord of Westfold: -0.6234816281772577
Fire of Orthanc: -0.3505885454717524
=============================
Card Sam's Desperate Rescue
Rank 47 out of 62
availability score: 79.37900253063397
-----------------------------
Gollum's Bite: -52.74174272560517
Claim the Precious: -37.56155081358076
Fire of Orthanc: -10.107209592325995
Troll of Khazad-dûm: -6.15217156315774
=============================
Card Morgul-Knife Wound
Rank 48 out of 62
availability score: 75.01992048963982
-----------------------------
Mordor Muster: -39.68900526826311
Gothmog, Morgul Lieutenant: -30.02790245578344
Bitter Downfall: -26.169147368940585
=============================
Card Orcish Medicine
Rank 49 out of 62
availability score: 61.99276289379388
-----------------------------
Gollum's Bite: -46.87341944855834
Bitter Downfall: -28.99931582344415
The Torment of Gollum: -25.227562471870606
=============================
Card Erkenbrand, Lord of Westfold
Rank 50 out of 62
availability score: 50.74630379217941
-----------------------------
Warbeast of Gorgoroth: -12.651457680101302
Fire of Orthanc: -9.9042055274313
Éomer of the Riddermark: -3.51196448721359
Ranger's Firebrand: -1.875699735565409
=============================
Card Éomer of the Riddermark
Rank 51 out of 62
availability score: 48.323713506204314
-----------------------------
Rising of the Day: -18.215793266180402
Gimli's Axe: -11.14882505489995
Fiery Inscription: -7.8990018479047635
The Black Breath: -1.7731301436545404
Erkenbrand, Lord of Westfold: -0.24316221818312211
=============================
Card Gollum, Patient Plotter
Rank 52 out of 62
availability score: 44.90267390976817
-----------------------------
The Torment of Gollum: -22.79715230053261
March from the Black Gate: -11.263289755371225
Uruk-hai Berserker: -3.2295494915283767
Gimli, Counter of Kills: -2.327652710045175
=============================
Card Oath of the Grey Host
Rank 53 out of 62
availability score: 17.93820084774672
-----------------------------
Lash of the Balrog: -11.637125383644925
Fiery Inscription: -2.4323883404859075
=============================
Card Grond, the Gatebreaker
Rank 54 out of 62
availability score: 17.00003249316645
-----------------------------
Bitter Downfall: -20.881953897074663
Rising of the Day: -13.979974435418772
=============================
Card Gríma Wormtongue
Rank 55 out of 62
availability score: 12.369645855170798
-----------------------------
Voracious Fell Beast: -40.26044127566259
=============================
Card Gimli, Counter of Kills
Rank 56 out of 62
availability score: 5.10958673223924
-----------------------------
Gollum, Patient Plotter: -2.52951335372209
Rush the Room: -1.8505842443203542
=============================
Card March from the Black Gate
Rank 57 out of 62
availability score: 4.245503380897929
-----------------------------
Gollum, Patient Plotter: -13.692565382237241
=============================
Card Gorbag of Minas Morgul
Rank 58 out of 62
availability score: 3.116756921326685
-----------------------------
Nazgûl: -12.870641634550282
=============================
Card Nasty End
Rank 59 out of 62
availability score: 0
-----------------------------
=============================
Card Mauhúr, Uruk-hai Captain
Rank 60 out of 62
availability score: 0
-----------------------------
=============================
Card Uglúk of the White Hand
Rank 61 out of 62
availability score: 0
-----------------------------
=============================
